<?xml version="1.0" encoding="UTF-8"?>
<!-- Generated by org.testng.reporters.JUnitReportReporter -->
<testsuite skipped="1" hostname="FSCMJK2Y7H2" name="com.mytest.RegistrationTest" tests="1" failures="0" timestamp="10 Jul 2018 20:45:59 GMT" time="0.000" errors="0">
  <testcase name="regTest" time="0.000" classname="com.mytest.RegistrationTest">
    <skipped/>
  </testcase> <!-- regTest -->
</testsuite> <!-- com.mytest.RegistrationTest -->
