<?xml version="1.0" encoding="UTF-8"?>
<!-- Generated by org.testng.reporters.JUnitReportReporter -->
<testsuite skipped="1" hostname="FSCMJK2Y7H2" name="com.mytest.LoginTest" tests="1" failures="0" timestamp="10 Jul 2018 20:45:59 GMT" time="0.000" errors="0">
  <testcase name="verify_user_is_able_to_login" time="0.000" classname="com.mytest.LoginTest">
    <skipped/>
  </testcase> <!-- verify_user_is_able_to_login -->
</testsuite> <!-- com.mytest.LoginTest -->
